<?xml version="1.0" encoding="UTF-8"?>
<testsuite name="uTest" tests="1" skipped="0" failures="0" errors="0" timestamp="2020-12-02T01:37:17" hostname="ALEJANDRA" time="108.323">
  <properties/>
  <testcase name="Register in the uTest platform" classname="uTest" time="108.323"/>
  <system-out><![CDATA[]]></system-out>
  <system-err><![CDATA[[Test worker] WARN net.thucydides.core.steps.BaseStepListener - stepStarted: net.thucydides.core.steps.ExecutedStepDescription@1f0fe3eb
[Test worker] WARN net.thucydides.core.steps.BaseStepListener - stepStarted: net.thucydides.core.steps.ExecutedStepDescription@6d47260e
[Test worker] WARN net.thucydides.core.steps.BaseStepListener - stepStarted: net.thucydides.core.steps.ExecutedStepDescription@4ffd28c9
dic 01, 2020 8:37:19 PM org.openqa.selenium.remote.DesiredCapabilities chrome
INFORMACIÓN: Using `new ChromeOptions()` is preferred to `DesiredCapabilities.chrome()`
[Test worker] INFO net.serenitybdd.core.webdriver.driverproviders.ProvideNewDriver - Instantiating driver
[Test worker] INFO net.serenitybdd.core.webdriver.driverproviders.ProvideNewDriver - Driver capabilities: Capabilities {acceptInsecureCerts: false, browserName: chrome, chrome.switches: --start-maximized, goog:chromeOptions: {args: [--start-maximized], extensions: []}, loggingPrefs: org.openqa.selenium.logging..., platform: ANY, version: }
Starting ChromeDriver 87.0.4280.20 (c99e81631faa0b2a448e658c0dbd8311fb04ddbd-refs/branch-heads/4280@{#355}) on port 20400
Only local connections are allowed.
Please see https://chromedriver.chromium.org/security-considerations for suggestions on keeping ChromeDriver safe.
ChromeDriver was started successfully.
dic 01, 2020 8:37:29 PM org.openqa.selenium.remote.ProtocolHandshake createSession
INFORMACIÓN: Detected dialect: W3C
[Test worker] WARN net.thucydides.core.steps.BaseStepListener - stepFinished: current outcome:Register in the uTest platform:Given than Maria want to know the sities uTest [Maria open up [Maria opens the User testmy page]]
[Test worker] WARN net.thucydides.core.steps.BaseStepListener - stepFinished: current outcome:Register in the uTest platform:Given than Maria want to know the sities uTest [Maria open up [Maria opens the User testmy page]]
[Test worker] WARN net.thucydides.core.steps.BaseStepListener - stepFinished: current outcome:Register in the uTest platform:Given than Maria want to know the sities uTest [Maria open up [Maria opens the User testmy page]]
[Test worker] WARN net.thucydides.core.steps.BaseStepListener - stepStarted: net.thucydides.core.steps.ExecutedStepDescription@6f914d8d
[Test worker] WARN net.thucydides.core.steps.BaseStepListener - stepStarted: net.thucydides.core.steps.ExecutedStepDescription@fa33b28
[Test worker] WARN net.thucydides.core.steps.BaseStepListener - stepStarted: net.thucydides.core.steps.ExecutedStepDescription@6562b5cd
[Test worker] WARN net.thucydides.core.steps.BaseStepListener - stepFinished: current outcome:Register in the uTest platform:Given than Maria want to know the sities uTest [Maria open up [Maria opens the User testmy page]], When entering the data from the uTest registration form
| name | last_name | email | month_of_birth | day_birth | year_birth | operative_system | version_operative_system | language | password | password_confirmation |
| juanita | gil | juanita045@gmail.com | April | 6 | 1992 | windows | 10 | English | Juanita.gil10120 | Juanita.gil10120 | [Maria form user [Maria clicks on BTN JOIN]]
[Test worker] WARN net.thucydides.core.steps.BaseStepListener - stepStarted: net.thucydides.core.steps.ExecutedStepDescription@7a89035
[Test worker] WARN net.thucydides.core.steps.BaseStepListener - stepFinished: current outcome:Register in the uTest platform:Given than Maria want to know the sities uTest [Maria open up [Maria opens the User testmy page]], When entering the data from the uTest registration form
| name | last_name | email | month_of_birth | day_birth | year_birth | operative_system | version_operative_system | language | password | password_confirmation |
| juanita | gil | juanita045@gmail.com | April | 6 | 1992 | windows | 10 | English | Juanita.gil10120 | Juanita.gil10120 | [Maria form user [Maria clicks on BTN JOIN, Maria enters 'juanita' into where do we write the name]]
[Test worker] WARN net.thucydides.core.steps.BaseStepListener - stepStarted: net.thucydides.core.steps.ExecutedStepDescription@29a3ab9d
[Test worker] WARN net.thucydides.core.steps.BaseStepListener - stepFinished: current outcome:Register in the uTest platform:Given than Maria want to know the sities uTest [Maria open up [Maria opens the User testmy page]], When entering the data from the uTest registration form
| name | last_name | email | month_of_birth | day_birth | year_birth | operative_system | version_operative_system | language | password | password_confirmation |
| juanita | gil | juanita045@gmail.com | April | 6 | 1992 | windows | 10 | English | Juanita.gil10120 | Juanita.gil10120 | [Maria form user [Maria clicks on BTN JOIN, Maria enters 'juanita' into where do we write the name, Maria enters 'gil' into where do we write the last-name]]
[Test worker] WARN net.thucydides.core.steps.BaseStepListener - stepStarted: net.thucydides.core.steps.ExecutedStepDescription@6f1dd47b
[Test worker] WARN net.thucydides.core.steps.BaseStepListener - stepFinished: current outcome:Register in the uTest platform:Given than Maria want to know the sities uTest [Maria open up [Maria opens the User testmy page]], When entering the data from the uTest registration form
| name | last_name | email | month_of_birth | day_birth | year_birth | operative_system | version_operative_system | language | password | password_confirmation |
| juanita | gil | juanita045@gmail.com | April | 6 | 1992 | windows | 10 | English | Juanita.gil10120 | Juanita.gil10120 | [Maria form user [Maria clicks on BTN JOIN, Maria enters 'juanita' into where do we write the name, Maria enters 'gil' into where do we write the last-name, Maria enters 'juanita045@gmail.com' into where do we write the email]]
[Test worker] WARN net.thucydides.core.steps.BaseStepListener - stepStarted: net.thucydides.core.steps.ExecutedStepDescription@4400c4fc
[Test worker] WARN net.thucydides.core.steps.BaseStepListener - stepFinished: current outcome:Register in the uTest platform:Given than Maria want to know the sities uTest [Maria open up [Maria opens the User testmy page]], When entering the data from the uTest registration form
| name | last_name | email | month_of_birth | day_birth | year_birth | operative_system | version_operative_system | language | password | password_confirmation |
| juanita | gil | juanita045@gmail.com | April | 6 | 1992 | windows | 10 | English | Juanita.gil10120 | Juanita.gil10120 | [Maria form user [Maria clicks on BTN JOIN, Maria enters 'juanita' into where do we write the name, Maria enters 'gil' into where do we write the last-name, Maria enters 'juanita045@gmail.com' into where do we write the email, Maria clicks on where do we write the month of birth]]
[Test worker] WARN net.thucydides.core.steps.BaseStepListener - stepStarted: net.thucydides.core.steps.ExecutedStepDescription@4258f73f
[Test worker] WARN net.thucydides.core.steps.BaseStepListener - stepFinished: current outcome:Register in the uTest platform:Given than Maria want to know the sities uTest [Maria open up [Maria opens the User testmy page]], When entering the data from the uTest registration form
| name | last_name | email | month_of_birth | day_birth | year_birth | operative_system | version_operative_system | language | password | password_confirmation |
| juanita | gil | juanita045@gmail.com | April | 6 | 1992 | windows | 10 | English | Juanita.gil10120 | Juanita.gil10120 | [Maria form user [Maria clicks on BTN JOIN, Maria enters 'juanita' into where do we write the name, Maria enters 'gil' into where do we write the last-name, Maria enters 'juanita045@gmail.com' into where do we write the email, Maria clicks on where do we write the month of birth, Maria clicks on where do we write the day of birth]]
[Test worker] WARN net.thucydides.core.steps.BaseStepListener - stepStarted: net.thucydides.core.steps.ExecutedStepDescription@14a86033
[Test worker] WARN net.thucydides.core.steps.BaseStepListener - stepFinished: current outcome:Register in the uTest platform:Given than Maria want to know the sities uTest [Maria open up [Maria opens the User testmy page]], When entering the data from the uTest registration form
| name | last_name | email | month_of_birth | day_birth | year_birth | operative_system | version_operative_system | language | password | password_confirmation |
| juanita | gil | juanita045@gmail.com | April | 6 | 1992 | windows | 10 | English | Juanita.gil10120 | Juanita.gil10120 | [Maria form user [Maria clicks on BTN JOIN, Maria enters 'juanita' into where do we write the name, Maria enters 'gil' into where do we write the last-name, Maria enters 'juanita045@gmail.com' into where do we write the email, Maria clicks on where do we write the month of birth, Maria clicks on where do we write the day of birth, Maria clicks on where do we write the year of birth]]
[Test worker] WARN net.thucydides.core.steps.BaseStepListener - stepStarted: net.thucydides.core.steps.ExecutedStepDescription@139dc142
[Test worker] WARN net.thucydides.core.steps.BaseStepListener - stepFinished: current outcome:Register in the uTest platform:Given than Maria want to know the sities uTest [Maria open up [Maria opens the User testmy page]], When entering the data from the uTest registration form
| name | last_name | email | month_of_birth | day_birth | year_birth | operative_system | version_operative_system | language | password | password_confirmation |
| juanita | gil | juanita045@gmail.com | April | 6 | 1992 | windows | 10 | English | Juanita.gil10120 | Juanita.gil10120 | [Maria form user [Maria clicks on BTN JOIN, Maria enters 'juanita' into where do we write the name, Maria enters 'gil' into where do we write the last-name, Maria enters 'juanita045@gmail.com' into where do we write the email, Maria clicks on where do we write the month of birth, Maria clicks on where do we write the day of birth, Maria clicks on where do we write the year of birth, Maria clicks on button Next Location]]
[Test worker] WARN net.thucydides.core.steps.BaseStepListener - stepStarted: net.thucydides.core.steps.ExecutedStepDescription@63415105
[Test worker] WARN net.thucydides.core.steps.BaseStepListener - stepFinished: current outcome:Register in the uTest platform:Given than Maria want to know the sities uTest [Maria open up [Maria opens the User testmy page]], When entering the data from the uTest registration form
| name | last_name | email | month_of_birth | day_birth | year_birth | operative_system | version_operative_system | language | password | password_confirmation |
| juanita | gil | juanita045@gmail.com | April | 6 | 1992 | windows | 10 | English | Juanita.gil10120 | Juanita.gil10120 | [Maria form user [Maria clicks on BTN JOIN, Maria enters 'juanita' into where do we write the name, Maria enters 'gil' into where do we write the last-name, Maria enters 'juanita045@gmail.com' into where do we write the email, Maria clicks on where do we write the month of birth, Maria clicks on where do we write the day of birth, Maria clicks on where do we write the year of birth, Maria clicks on button Next Location, Maria clicks on button Next Devices]]
[Test worker] WARN net.thucydides.core.steps.BaseStepListener - stepStarted: net.thucydides.core.steps.ExecutedStepDescription@691e32b
[Test worker] WARN net.thucydides.core.steps.BaseStepListener - stepFinished: current outcome:Register in the uTest platform:Given than Maria want to know the sities uTest [Maria open up [Maria opens the User testmy page]], When entering the data from the uTest registration form
| name | last_name | email | month_of_birth | day_birth | year_birth | operative_system | version_operative_system | language | password | password_confirmation |
| juanita | gil | juanita045@gmail.com | April | 6 | 1992 | windows | 10 | English | Juanita.gil10120 | Juanita.gil10120 | [Maria form user [Maria clicks on BTN JOIN, Maria enters 'juanita' into where do we write the name, Maria enters 'gil' into where do we write the last-name, Maria enters 'juanita045@gmail.com' into where do we write the email, Maria clicks on where do we write the month of birth, Maria clicks on where do we write the day of birth, Maria clicks on where do we write the year of birth, Maria clicks on button Next Location, Maria clicks on button Next Devices, Maria clicks on button NEXT_LAST_SETUP]]
[Test worker] WARN net.thucydides.core.steps.BaseStepListener - stepStarted: net.thucydides.core.steps.ExecutedStepDescription@43c45948
[Test worker] WARN net.thucydides.core.steps.BaseStepListener - stepFinished: current outcome:Register in the uTest platform:Given than Maria want to know the sities uTest [Maria open up [Maria opens the User testmy page]], When entering the data from the uTest registration form
| name | last_name | email | month_of_birth | day_birth | year_birth | operative_system | version_operative_system | language | password | password_confirmation |
| juanita | gil | juanita045@gmail.com | April | 6 | 1992 | windows | 10 | English | Juanita.gil10120 | Juanita.gil10120 | [Maria form user [Maria clicks on BTN JOIN, Maria enters 'juanita' into where do we write the name, Maria enters 'gil' into where do we write the last-name, Maria enters 'juanita045@gmail.com' into where do we write the email, Maria clicks on where do we write the month of birth, Maria clicks on where do we write the day of birth, Maria clicks on where do we write the year of birth, Maria clicks on button Next Location, Maria clicks on button Next Devices, Maria clicks on button NEXT_LAST_SETUP, Maria enters 'Juanita.gil10120' into where do we write the password]]
[Test worker] WARN net.thucydides.core.steps.BaseStepListener - stepStarted: net.thucydides.core.steps.ExecutedStepDescription@3973c65f
[Test worker] WARN net.thucydides.core.steps.BaseStepListener - stepFinished: current outcome:Register in the uTest platform:Given than Maria want to know the sities uTest [Maria open up [Maria opens the User testmy page]], When entering the data from the uTest registration form
| name | last_name | email | month_of_birth | day_birth | year_birth | operative_system | version_operative_system | language | password | password_confirmation |
| juanita | gil | juanita045@gmail.com | April | 6 | 1992 | windows | 10 | English | Juanita.gil10120 | Juanita.gil10120 | [Maria form user [Maria clicks on BTN JOIN, Maria enters 'juanita' into where do we write the name, Maria enters 'gil' into where do we write the last-name, Maria enters 'juanita045@gmail.com' into where do we write the email, Maria clicks on where do we write the month of birth, Maria clicks on where do we write the day of birth, Maria clicks on where do we write the year of birth, Maria clicks on button Next Location, Maria clicks on button Next Devices, Maria clicks on button NEXT_LAST_SETUP, Maria enters 'Juanita.gil10120' into where do we write the password, Maria enters 'Juanita.gil10120' into where do we write confirm  password]]
[Test worker] WARN net.thucydides.core.steps.BaseStepListener - stepStarted: net.thucydides.core.steps.ExecutedStepDescription@208c9220
[Test worker] WARN net.thucydides.core.steps.BaseStepListener - stepFinished: current outcome:Register in the uTest platform:Given than Maria want to know the sities uTest [Maria open up [Maria opens the User testmy page]], When entering the data from the uTest registration form
| name | last_name | email | month_of_birth | day_birth | year_birth | operative_system | version_operative_system | language | password | password_confirmation |
| juanita | gil | juanita045@gmail.com | April | 6 | 1992 | windows | 10 | English | Juanita.gil10120 | Juanita.gil10120 | [Maria form user [Maria clicks on BTN JOIN, Maria enters 'juanita' into where do we write the name, Maria enters 'gil' into where do we write the last-name, Maria enters 'juanita045@gmail.com' into where do we write the email, Maria clicks on where do we write the month of birth, Maria clicks on where do we write the day of birth, Maria clicks on where do we write the year of birth, Maria clicks on button Next Location, Maria clicks on button Next Devices, Maria clicks on button NEXT_LAST_SETUP, Maria enters 'Juanita.gil10120' into where do we write the password, Maria enters 'Juanita.gil10120' into where do we write confirm  password, Maria clicks on where do we write the CODE_CONDUCT]]
[Test worker] WARN net.thucydides.core.steps.BaseStepListener - stepStarted: net.thucydides.core.steps.ExecutedStepDescription@4e0552f5
[Test worker] WARN net.thucydides.core.steps.BaseStepListener - stepFinished: current outcome:Register in the uTest platform:Given than Maria want to know the sities uTest [Maria open up [Maria opens the User testmy page]], When entering the data from the uTest registration form
| name | last_name | email | month_of_birth | day_birth | year_birth | operative_system | version_operative_system | language | password | password_confirmation |
| juanita | gil | juanita045@gmail.com | April | 6 | 1992 | windows | 10 | English | Juanita.gil10120 | Juanita.gil10120 | [Maria form user [Maria clicks on BTN JOIN, Maria enters 'juanita' into where do we write the name, Maria enters 'gil' into where do we write the last-name, Maria enters 'juanita045@gmail.com' into where do we write the email, Maria clicks on where do we write the month of birth, Maria clicks on where do we write the day of birth, Maria clicks on where do we write the year of birth, Maria clicks on button Next Location, Maria clicks on button Next Devices, Maria clicks on button NEXT_LAST_SETUP, Maria enters 'Juanita.gil10120' into where do we write the password, Maria enters 'Juanita.gil10120' into where do we write confirm  password, Maria clicks on where do we write the CODE_CONDUCT, Maria clicks on where do we write the security policy]]
[Test worker] WARN net.thucydides.core.steps.BaseStepListener - stepStarted: net.thucydides.core.steps.ExecutedStepDescription@744fe19a
[Test worker] WARN net.thucydides.core.steps.BaseStepListener - stepFinished: current outcome:Register in the uTest platform:Given than Maria want to know the sities uTest [Maria open up [Maria opens the User testmy page]], When entering the data from the uTest registration form
| name | last_name | email | month_of_birth | day_birth | year_birth | operative_system | version_operative_system | language | password | password_confirmation |
| juanita | gil | juanita045@gmail.com | April | 6 | 1992 | windows | 10 | English | Juanita.gil10120 | Juanita.gil10120 | [Maria form user [Maria clicks on BTN JOIN, Maria enters 'juanita' into where do we write the name, Maria enters 'gil' into where do we write the last-name, Maria enters 'juanita045@gmail.com' into where do we write the email, Maria clicks on where do we write the month of birth, Maria clicks on where do we write the day of birth, Maria clicks on where do we write the year of birth, Maria clicks on button Next Location, Maria clicks on button Next Devices, Maria clicks on button NEXT_LAST_SETUP, Maria enters 'Juanita.gil10120' into where do we write the password, Maria enters 'Juanita.gil10120' into where do we write confirm  password, Maria clicks on where do we write the CODE_CONDUCT, Maria clicks on where do we write the security policy, Maria clicks on Complete Setup]]
[Test worker] WARN net.thucydides.core.steps.BaseStepListener - stepFinished: current outcome:Register in the uTest platform:Given than Maria want to know the sities uTest [Maria open up [Maria opens the User testmy page]], When entering the data from the uTest registration form
| name | last_name | email | month_of_birth | day_birth | year_birth | operative_system | version_operative_system | language | password | password_confirmation |
| juanita | gil | juanita045@gmail.com | April | 6 | 1992 | windows | 10 | English | Juanita.gil10120 | Juanita.gil10120 | [Maria form user [Maria clicks on BTN JOIN, Maria enters 'juanita' into where do we write the name, Maria enters 'gil' into where do we write the last-name, Maria enters 'juanita045@gmail.com' into where do we write the email, Maria clicks on where do we write the month of birth, Maria clicks on where do we write the day of birth, Maria clicks on where do we write the year of birth, Maria clicks on button Next Location, Maria clicks on button Next Devices, Maria clicks on button NEXT_LAST_SETUP, Maria enters 'Juanita.gil10120' into where do we write the password, Maria enters 'Juanita.gil10120' into where do we write confirm  password, Maria clicks on where do we write the CODE_CONDUCT, Maria clicks on where do we write the security policy, Maria clicks on Complete Setup]]
[Test worker] WARN net.thucydides.core.steps.BaseStepListener - stepFinished: current outcome:Register in the uTest platform:Given than Maria want to know the sities uTest [Maria open up [Maria opens the User testmy page]], When entering the data from the uTest registration form
| name | last_name | email | month_of_birth | day_birth | year_birth | operative_system | version_operative_system | language | password | password_confirmation |
| juanita | gil | juanita045@gmail.com | April | 6 | 1992 | windows | 10 | English | Juanita.gil10120 | Juanita.gil10120 | [Maria form user [Maria clicks on BTN JOIN, Maria enters 'juanita' into where do we write the name, Maria enters 'gil' into where do we write the last-name, Maria enters 'juanita045@gmail.com' into where do we write the email, Maria clicks on where do we write the month of birth, Maria clicks on where do we write the day of birth, Maria clicks on where do we write the year of birth, Maria clicks on button Next Location, Maria clicks on button Next Devices, Maria clicks on button NEXT_LAST_SETUP, Maria enters 'Juanita.gil10120' into where do we write the password, Maria enters 'Juanita.gil10120' into where do we write confirm  password, Maria clicks on where do we write the CODE_CONDUCT, Maria clicks on where do we write the security policy, Maria clicks on Complete Setup]]
[Test worker] WARN net.thucydides.core.steps.BaseStepListener - stepStarted: net.thucydides.core.steps.ExecutedStepDescription@7b9cf6e5
[Test worker] WARN net.thucydides.core.steps.BaseStepListener - stepStarted: net.thucydides.core.steps.ExecutedStepDescription@643ff08e
[Test worker] WARN net.thucydides.core.steps.BaseStepListener - stepFinished: current outcome:Register in the uTest platform:Given than Maria want to know the sities uTest [Maria open up [Maria opens the User testmy page]], When entering the data from the uTest registration form
| name | last_name | email | month_of_birth | day_birth | year_birth | operative_system | version_operative_system | language | password | password_confirmation |
| juanita | gil | juanita045@gmail.com | April | 6 | 1992 | windows | 10 | English | Juanita.gil10120 | Juanita.gil10120 | [Maria form user [Maria clicks on BTN JOIN, Maria enters 'juanita' into where do we write the name, Maria enters 'gil' into where do we write the last-name, Maria enters 'juanita045@gmail.com' into where do we write the email, Maria clicks on where do we write the month of birth, Maria clicks on where do we write the day of birth, Maria clicks on where do we write the year of birth, Maria clicks on button Next Location, Maria clicks on button Next Devices, Maria clicks on button NEXT_LAST_SETUP, Maria enters 'Juanita.gil10120' into where do we write the password, Maria enters 'Juanita.gil10120' into where do we write confirm  password, Maria clicks on where do we write the CODE_CONDUCT, Maria clicks on where do we write the security policy, Maria clicks on Complete Setup]], Then She Know the functionalities of the uTest
| welcome |
| Welcome to the world's largest community of freelance software testers! | [Then answer]
[Test worker] WARN net.thucydides.core.steps.BaseStepListener - stepFinished: current outcome:Register in the uTest platform:Given than Maria want to know the sities uTest [Maria open up [Maria opens the User testmy page]], When entering the data from the uTest registration form
| name | last_name | email | month_of_birth | day_birth | year_birth | operative_system | version_operative_system | language | password | password_confirmation |
| juanita | gil | juanita045@gmail.com | April | 6 | 1992 | windows | 10 | English | Juanita.gil10120 | Juanita.gil10120 | [Maria form user [Maria clicks on BTN JOIN, Maria enters 'juanita' into where do we write the name, Maria enters 'gil' into where do we write the last-name, Maria enters 'juanita045@gmail.com' into where do we write the email, Maria clicks on where do we write the month of birth, Maria clicks on where do we write the day of birth, Maria clicks on where do we write the year of birth, Maria clicks on button Next Location, Maria clicks on button Next Devices, Maria clicks on button NEXT_LAST_SETUP, Maria enters 'Juanita.gil10120' into where do we write the password, Maria enters 'Juanita.gil10120' into where do we write confirm  password, Maria clicks on where do we write the CODE_CONDUCT, Maria clicks on where do we write the security policy, Maria clicks on Complete Setup]], Then She Know the functionalities of the uTest
| welcome |
| Welcome to the world's largest community of freelance software testers! | [Then answer]
[Test worker] WARN net.thucydides.core.steps.BaseStepListener - testFinished: Register in the uTest platform:Given than Maria want to know the sities uTest [Maria open up [Maria opens the User testmy page]], When entering the data from the uTest registration form
| name | last_name | email | month_of_birth | day_birth | year_birth | operative_system | version_operative_system | language | password | password_confirmation |
| juanita | gil | juanita045@gmail.com | April | 6 | 1992 | windows | 10 | English | Juanita.gil10120 | Juanita.gil10120 | [Maria form user [Maria clicks on BTN JOIN, Maria enters 'juanita' into where do we write the name, Maria enters 'gil' into where do we write the last-name, Maria enters 'juanita045@gmail.com' into where do we write the email, Maria clicks on where do we write the month of birth, Maria clicks on where do we write the day of birth, Maria clicks on where do we write the year of birth, Maria clicks on button Next Location, Maria clicks on button Next Devices, Maria clicks on button NEXT_LAST_SETUP, Maria enters 'Juanita.gil10120' into where do we write the password, Maria enters 'Juanita.gil10120' into where do we write confirm  password, Maria clicks on where do we write the CODE_CONDUCT, Maria clicks on where do we write the security policy, Maria clicks on Complete Setup]], Then She Know the functionalities of the uTest
| welcome |
| Welcome to the world's largest community of freelance software testers! | [Then answer]
[Test worker] WARN net.thucydides.core.steps.BaseStepListener - TestOutcomes: [Register in the uTest platform:Given than Maria want to know the sities uTest [Maria open up [Maria opens the User testmy page]], When entering the data from the uTest registration form
| name | last_name | email | month_of_birth | day_birth | year_birth | operative_system | version_operative_system | language | password | password_confirmation |
| juanita | gil | juanita045@gmail.com | April | 6 | 1992 | windows | 10 | English | Juanita.gil10120 | Juanita.gil10120 | [Maria form user [Maria clicks on BTN JOIN, Maria enters 'juanita' into where do we write the name, Maria enters 'gil' into where do we write the last-name, Maria enters 'juanita045@gmail.com' into where do we write the email, Maria clicks on where do we write the month of birth, Maria clicks on where do we write the day of birth, Maria clicks on where do we write the year of birth, Maria clicks on button Next Location, Maria clicks on button Next Devices, Maria clicks on button NEXT_LAST_SETUP, Maria enters 'Juanita.gil10120' into where do we write the password, Maria enters 'Juanita.gil10120' into where do we write confirm  password, Maria clicks on where do we write the CODE_CONDUCT, Maria clicks on where do we write the security policy, Maria clicks on Complete Setup]], Then She Know the functionalities of the uTest
| welcome |
| Welcome to the world's largest community of freelance software testers! | [Then answer]]
[Test worker] WARN net.thucydides.core.steps.BaseStepListener - Final testOutcomes: [Register in the uTest platform:Given than Maria want to know the sities uTest [Maria open up [Maria opens the User testmy page]], When entering the data from the uTest registration form
| name | last_name | email | month_of_birth | day_birth | year_birth | operative_system | version_operative_system | language | password | password_confirmation |
| juanita | gil | juanita045@gmail.com | April | 6 | 1992 | windows | 10 | English | Juanita.gil10120 | Juanita.gil10120 | [Maria form user [Maria clicks on BTN JOIN, Maria enters 'juanita' into where do we write the name, Maria enters 'gil' into where do we write the last-name, Maria enters 'juanita045@gmail.com' into where do we write the email, Maria clicks on where do we write the month of birth, Maria clicks on where do we write the day of birth, Maria clicks on where do we write the year of birth, Maria clicks on button Next Location, Maria clicks on button Next Devices, Maria clicks on button NEXT_LAST_SETUP, Maria enters 'Juanita.gil10120' into where do we write the password, Maria enters 'Juanita.gil10120' into where do we write confirm  password, Maria clicks on where do we write the CODE_CONDUCT, Maria clicks on where do we write the security policy, Maria clicks on Complete Setup]], Then She Know the functionalities of the uTest
| welcome |
| Welcome to the world's largest community of freelance software testers! | [Then answer]]
[Test worker] INFO net.thucydides.core.steps.ConsoleLoggingListener - 
        __    _____ _____ ____ _____   ____   _    ____  ____  _____ ____  
  _     \ \  |_   _| ____/ ___|_   _| |  _ \ / \  / ___|/ ___|| ____|  _ \ 
 (_)_____| |   | | |  _| \___ \ | |   | |_) / _ \ \___ \\___ \|  _| | | | |
  _|_____| |   | | | |___ ___) || |   |  __/ ___ \ ___) |___) | |___| |_| |
 (_)     | |   |_| |_____|____/ |_|   |_| /_/   \_\____/|____/|_____|____/ 
        /_/                                                                

TEST PASSED: Register in the uTest platform
----------------------------------------------------------------------------
]]></system-err>
</testsuite>
